app/build/intermediates/manifest_merge_blame_file/debug/processDebugMainManifest/manifest-merger-blame-debug-report.txt
1<?xml version="1.0" encoding="utf-8"?>
2<manifest xmlns:android="http://schemas.android.com/apk/res/android"
3    package="com.taltech.ee.finalproject"
4    android:versionCode="1"
5    android:versionName="1.0" >
6
7    <uses-sdk
8        android:minSdkVersion="26"
9        android:targetSdkVersion="35" />
10
11    <uses-permission android:name="android.permission.INTERNET" />
11-->src\main\AndroidManifest.xml:5:5-67
11-->src\main\AndroidManifest.xml:5:22-64
12    <uses-permission android:name="android.permission.ACCESS_FINE_LOCATION" />
12-->src\main\AndroidManifest.xml:6:5-79
12-->src\main\AndroidManifest.xml:6:22-76
13    <uses-permission android:name="android.permission.ACCESS_COARSE_LOCATION" />
13-->src\main\AndroidManifest.xml:7:5-81
13-->src\main\AndroidManifest.xml:7:22-78
14    <uses-permission android:name="android.permission.FOREGROUND_SERVICE" />
14-->src\main\AndroidManifest.xml:8:5-77
14-->src\main\AndroidManifest.xml:8:22-74
15    <uses-permission android:name="android.permission.ACCESS_BACKGROUND_LOCATION" />
15-->src\main\AndroidManifest.xml:9:5-85
15-->src\main\AndroidManifest.xml:9:22-82
16    <uses-permission android:name="android.permission.WAKE_LOCK" />
16-->src\main\AndroidManifest.xml:10:5-68
16-->src\main\AndroidManifest.xml:10:22-65
17    <uses-permission android:name="android.permission.POST_NOTIFICATIONS" />
17-->src\main\AndroidManifest.xml:11:5-77
17-->src\main\AndroidManifest.xml:11:22-74
18    <uses-permission android:name="android.permission.ACCESS_NETWORK_STATE" />
18-->[androidx.media3:media3-exoplayer:1.5.0] AndroidManifest.xml:22:5-79
18-->[androidx.media3:media3-exoplayer:1.5.0] AndroidManifest.xml:22:22-76
19
20    <uses-feature
20-->[com.google.android.gms:play-services-maps:19.0.0] AndroidManifest.xml:26:5-28:35
21        android:glEsVersion="0x00020000"
21-->[com.google.android.gms:play-services-maps:19.0.0] AndroidManifest.xml:27:9-41
22        android:required="true" />
22-->[com.google.android.gms:play-services-maps:19.0.0] AndroidManifest.xml:28:9-32
23
24    <queries>
24-->[com.google.android.gms:play-services-maps:19.0.0] AndroidManifest.xml:30:5-34:15
25
26        <!-- Needs to be explicitly declared on Android R+ -->
27        <package android:name="com.google.android.apps.maps" />
27-->[com.google.android.gms:play-services-maps:19.0.0] AndroidManifest.xml:33:9-64
27-->[com.google.android.gms:play-services-maps:19.0.0] AndroidManifest.xml:33:18-61
28    </queries>
29
30    <permission
30-->[androidx.core:core:1.15.0] AndroidManifest.xml:22:5-24:47
31        android:name="com.taltech.ee.finalproject.DYNAMIC_RECEIVER_NOT_EXPORTED_PERMISSION"
31-->[androidx.core:core:1.15.0] AndroidManifest.xml:23:9-81
32        android:protectionLevel="signature" />
32-->[androidx.core:core:1.15.0] AndroidManifest.xml:24:9-44
33
34    <uses-permission android:name="com.taltech.ee.finalproject.DYNAMIC_RECEIVER_NOT_EXPORTED_PERMISSION" />
34-->[androidx.core:core:1.15.0] AndroidManifest.xml:26:5-97
34-->[androidx.core:core:1.15.0] AndroidManifest.xml:26:22-94
35
36    <application
36-->src\main\AndroidManifest.xml:13:5-73:19
37        android:allowBackup="true"
37-->src\main\AndroidManifest.xml:14:9-35
38        android:appComponentFactory="androidx.core.app.CoreComponentFactory"
38-->[androidx.core:core:1.15.0] AndroidManifest.xml:28:18-86
39        android:dataExtractionRules="@xml/data_extraction_rules"
39-->src\main\AndroidManifest.xml:15:9-65
40        android:debuggable="true"
41        android:extractNativeLibs="false"
42        android:fullBackupContent="@xml/backup_rules"
42-->src\main\AndroidManifest.xml:16:9-54
43        android:icon="@mipmap/ic_launcher"
43-->src\main\AndroidManifest.xml:17:9-43
44        android:label="@string/app_name"
44-->src\main\AndroidManifest.xml:18:9-41
45        android:roundIcon="@mipmap/ic_launcher_round"
45-->src\main\AndroidManifest.xml:19:9-54
46        android:supportsRtl="true"
46-->src\main\AndroidManifest.xml:20:9-35
47        android:testOnly="true"
48        android:theme="@style/Theme.FinalProject" >
48-->src\main\AndroidManifest.xml:21:9-50
49        <meta-data
49-->src\main\AndroidManifest.xml:24:9-26:55
50            android:name="com.google.android.geo.API_KEY"
50-->src\main\AndroidManifest.xml:25:13-58
51            android:value="@string/google_maps_key" />
51-->src\main\AndroidManifest.xml:26:13-52
52
53        <activity
53-->src\main\AndroidManifest.xml:28:9-35:20
54            android:name="com.taltech.ee.finalproject.activities.MainActivity"
54-->src\main\AndroidManifest.xml:29:13-52
55            android:exported="true" >
55-->src\main\AndroidManifest.xml:30:13-36
56            <intent-filter>
56-->src\main\AndroidManifest.xml:31:13-34:29
57                <action android:name="android.intent.action.MAIN" />
57-->src\main\AndroidManifest.xml:32:17-69
57-->src\main\AndroidManifest.xml:32:25-66
58
59                <category android:name="android.intent.category.LAUNCHER" />
59-->src\main\AndroidManifest.xml:33:17-77
59-->src\main\AndroidManifest.xml:33:27-74
60            </intent-filter>
61        </activity>
62        <activity android:name="com.taltech.ee.finalproject.activities.SavedSessionsActivity" >
62-->src\main\AndroidManifest.xml:36:9-37:20
62-->src\main\AndroidManifest.xml:36:19-67
63        </activity>
64        <activity android:name="com.taltech.ee.finalproject.activities.SessionMapActivity" >
64-->src\main\AndroidManifest.xml:38:9-39:20
64-->src\main\AndroidManifest.xml:38:19-64
65        </activity>
66        <activity android:name="com.taltech.ee.finalproject.activities.AccountActivity" >
66-->src\main\AndroidManifest.xml:40:9-41:20
66-->src\main\AndroidManifest.xml:40:19-61
67        </activity>
68        <activity android:name="com.taltech.ee.finalproject.backend.BackendHandler" >
68-->src\main\AndroidManifest.xml:42:9-43:20
68-->src\main\AndroidManifest.xml:42:19-57
69        </activity>
70        <activity android:name="com.taltech.ee.finalproject.activities.InfoActivity" >
70-->src\main\AndroidManifest.xml:44:9-45:20
70-->src\main\AndroidManifest.xml:44:19-58
71        </activity>
72
73        <receiver
73-->src\main\AndroidManifest.xml:47:9-55:20
74            android:name="com.taltech.ee.finalproject.activities.MainActivity$InnerBroadcastReceiver"
74-->src\main\AndroidManifest.xml:47:19-81
75            android:exported="true" >
75-->src\main\AndroidManifest.xml:48:13-36
76            <intent-filter>
76-->src\main\AndroidManifest.xml:49:13-54:29
77                <action android:name="C.LOCATION_UPDATE_ACTION" />
77-->src\main\AndroidManifest.xml:50:17-67
77-->src\main\AndroidManifest.xml:50:25-64
78                <action android:name="C.NOTIFICATION_ACTION_CP" />
78-->src\main\AndroidManifest.xml:51:17-67
78-->src\main\AndroidManifest.xml:51:25-64
79                <action android:name="C.NOTIFICATION_ACTION_WP" />
79-->src\main\AndroidManifest.xml:52:17-67
79-->src\main\AndroidManifest.xml:52:25-64
80                <action android:name="C.ACTION_UPDATE_TRACKING" />
80-->src\main\AndroidManifest.xml:53:17-67
80-->src\main\AndroidManifest.xml:53:25-64
81            </intent-filter>
82        </receiver>
83
84        <service
84-->src\main\AndroidManifest.xml:56:9-62:58
85            android:name="com.taltech.ee.finalproject.location.LocationService"
85-->src\main\AndroidManifest.xml:57:13-53
86            android:enabled="true"
86-->src\main\AndroidManifest.xml:59:13-35
87            android:exported="true"
87-->src\main\AndroidManifest.xml:60:13-36
88            android:foregroundServiceType="location"
88-->src\main\AndroidManifest.xml:58:13-53
89            android:launchMode="singleTask" />
89-->src\main\AndroidManifest.xml:61:13-44
90
91        <provider
92            android:name="androidx.core.content.FileProvider"
92-->src\main\AndroidManifest.xml:64:13-62
93            android:authorities="com.taltech.ee.finalproject.fileprovider"
93-->src\main\AndroidManifest.xml:65:13-64
94            android:exported="false"
94-->src\main\AndroidManifest.xml:66:13-37
95            android:grantUriPermissions="true" >
95-->src\main\AndroidManifest.xml:67:13-47
96            <meta-data
96-->src\main\AndroidManifest.xml:68:13-70:54
97                android:name="android.support.FILE_PROVIDER_PATHS"
97-->src\main\AndroidManifest.xml:69:17-67
98                android:resource="@xml/file_paths" />
98-->src\main\AndroidManifest.xml:70:17-51
99        </provider>
100
101        <!-- Needs to be explicitly declared on P+ -->
102        <uses-library
102-->[com.google.android.gms:play-services-maps:19.0.0] AndroidManifest.xml:39:9-41:40
103            android:name="org.apache.http.legacy"
103-->[com.google.android.gms:play-services-maps:19.0.0] AndroidManifest.xml:40:13-50
104            android:required="false" />
104-->[com.google.android.gms:play-services-maps:19.0.0] AndroidManifest.xml:41:13-37
105
106        <activity
106-->[com.google.android.gms:play-services-base:18.5.0] AndroidManifest.xml:5:9-173
107            android:name="com.google.android.gms.common.api.GoogleApiActivity"
107-->[com.google.android.gms:play-services-base:18.5.0] AndroidManifest.xml:5:19-85
108            android:exported="false"
108-->[com.google.android.gms:play-services-base:18.5.0] AndroidManifest.xml:5:146-170
109            android:theme="@android:style/Theme.Translucent.NoTitleBar" />
109-->[com.google.android.gms:play-services-base:18.5.0] AndroidManifest.xml:5:86-145
110
111        <meta-data
111-->[com.google.android.gms:play-services-basement:18.4.0] AndroidManifest.xml:6:9-122
112            android:name="com.google.android.gms.version"
112-->[com.google.android.gms:play-services-basement:18.4.0] AndroidManifest.xml:6:20-65
113            android:value="@integer/google_play_services_version" />
113-->[com.google.android.gms:play-services-basement:18.4.0] AndroidManifest.xml:6:66-119
114
115        <provider
115-->[androidx.emoji2:emoji2:1.3.0] AndroidManifest.xml:24:9-32:20
116            android:name="androidx.startup.InitializationProvider"
116-->[androidx.emoji2:emoji2:1.3.0] AndroidManifest.xml:25:13-67
117            android:authorities="com.taltech.ee.finalproject.androidx-startup"
117-->[androidx.emoji2:emoji2:1.3.0] AndroidManifest.xml:26:13-68
118            android:exported="false" >
118-->[androidx.emoji2:emoji2:1.3.0] AndroidManifest.xml:27:13-37
119            <meta-data
119-->[androidx.emoji2:emoji2:1.3.0] AndroidManifest.xml:29:13-31:52
120                android:name="androidx.emoji2.text.EmojiCompatInitializer"
120-->[androidx.emoji2:emoji2:1.3.0] AndroidManifest.xml:30:17-75
121                android:value="androidx.startup" />
121-->[androidx.emoji2:emoji2:1.3.0] AndroidManifest.xml:31:17-49
122            <meta-data
122-->[androidx.lifecycle:lifecycle-process:2.6.2] AndroidManifest.xml:29:13-31:52
123                android:name="androidx.lifecycle.ProcessLifecycleInitializer"
123-->[androidx.lifecycle:lifecycle-process:2.6.2] AndroidManifest.xml:30:17-78
124                android:value="androidx.startup" />
124-->[androidx.lifecycle:lifecycle-process:2.6.2] AndroidManifest.xml:31:17-49
125            <meta-data
125-->[androidx.profileinstaller:profileinstaller:1.4.0] AndroidManifest.xml:29:13-31:52
126                android:name="androidx.profileinstaller.ProfileInstallerInitializer"
126-->[androidx.profileinstaller:profileinstaller:1.4.0] AndroidManifest.xml:30:17-85
127                android:value="androidx.startup" />
127-->[androidx.profileinstaller:profileinstaller:1.4.0] AndroidManifest.xml:31:17-49
128        </provider>
129        <provider
129-->[com.squareup.picasso:picasso:2.8] AndroidManifest.xml:8:9-11:40
130            android:name="com.squareup.picasso.PicassoProvider"
130-->[com.squareup.picasso:picasso:2.8] AndroidManifest.xml:9:13-64
131            android:authorities="com.taltech.ee.finalproject.com.squareup.picasso"
131-->[com.squareup.picasso:picasso:2.8] AndroidManifest.xml:10:13-72
132            android:exported="false" />
132-->[com.squareup.picasso:picasso:2.8] AndroidManifest.xml:11:13-37
133
134        <receiver
134-->[androidx.profileinstaller:profileinstaller:1.4.0] AndroidManifest.xml:34:9-52:20
135            android:name="androidx.profileinstaller.ProfileInstallReceiver"
135-->[androidx.profileinstaller:profileinstaller:1.4.0] AndroidManifest.xml:35:13-76
136            android:directBootAware="false"
136-->[androidx.profileinstaller:profileinstaller:1.4.0] AndroidManifest.xml:36:13-44
137            android:enabled="true"
137-->[androidx.profileinstaller:profileinstaller:1.4.0] AndroidManifest.xml:37:13-35
138            android:exported="true"
138-->[androidx.profileinstaller:profileinstaller:1.4.0] AndroidManifest.xml:38:13-36
139            android:permission="android.permission.DUMP" >
139-->[androidx.profileinstaller:profileinstaller:1.4.0] AndroidManifest.xml:39:13-57
140            <intent-filter>
140-->[androidx.profileinstaller:profileinstaller:1.4.0] AndroidManifest.xml:40:13-42:29
141                <action android:name="androidx.profileinstaller.action.INSTALL_PROFILE" />
141-->[androidx.profileinstaller:profileinstaller:1.4.0] AndroidManifest.xml:41:17-91
141-->[androidx.profileinstaller:profileinstaller:1.4.0] AndroidManifest.xml:41:25-88
142            </intent-filter>
143            <intent-filter>
143-->[androidx.profileinstaller:profileinstaller:1.4.0] AndroidManifest.xml:43:13-45:29
144                <action android:name="androidx.profileinstaller.action.SKIP_FILE" />
144-->[androidx.profileinstaller:profileinstaller:1.4.0] AndroidManifest.xml:44:17-85
144-->[androidx.profileinstaller:profileinstaller:1.4.0] AndroidManifest.xml:44:25-82
145            </intent-filter>
146            <intent-filter>
146-->[androidx.profileinstaller:profileinstaller:1.4.0] AndroidManifest.xml:46:13-48:29
147                <action android:name="androidx.profileinstaller.action.SAVE_PROFILE" />
147-->[androidx.profileinstaller:profileinstaller:1.4.0] AndroidManifest.xml:47:17-88
147-->[androidx.profileinstaller:profileinstaller:1.4.0] AndroidManifest.xml:47:25-85
148            </intent-filter>
149            <intent-filter>
149-->[androidx.profileinstaller:profileinstaller:1.4.0] AndroidManifest.xml:49:13-51:29
150                <action android:name="androidx.profileinstaller.action.BENCHMARK_OPERATION" />
150-->[androidx.profileinstaller:profileinstaller:1.4.0] AndroidManifest.xml:50:17-95
150-->[androidx.profileinstaller:profileinstaller:1.4.0] AndroidManifest.xml:50:25-92
151            </intent-filter>
152        </receiver>
153    </application>
154
155</manifest>